<?xml version="1.0" encoding="UTF-8"?>
<!-- Generated by org.testng.reporters.JUnitReportReporter -->
<testsuite hostname="DESKTOP-BR4F4BJ" failures="0" tests="1" name="com.actitime.TestScript.CustomerModule" time="5.908" errors="0" timestamp="2023-09-11T11:33:35 IST" skipped="0">
  <testcase classname="com.actitime.TestScript.CustomerModule" name="createrCustomer" time="5.908">
    <system-out>
      <![CDATA[CreateCustomer]]>
    </system-out>
  </testcase> <!-- createrCustomer -->
  <system-out>
    <![CDATA[OpenBrowser
Login
CreateCustomer]]>
  </system-out>
</testsuite> <!-- com.actitime.TestScript.CustomerModule -->
