<?xml version="1.0" encoding="UTF-8"?>
<!-- Generated by org.testng.reporters.JUnitReportReporter -->
<testsuite hostname="DESKTOP-BR4F4BJ" failures="0" tests="1" name="com.actitime.TestScript.CreateCustomer" time="19.306" errors="0" timestamp="2023-09-13T11:23:36 IST" skipped="0">
  <testcase classname="com.actitime.TestScript.CreateCustomer" name="testCreateCustomer" time="19.306">
    <system-out>
      <![CDATA[CreateCustomer]]>
    </system-out>
  </testcase> <!-- testCreateCustomer -->
  <system-out>
    <![CDATA[OpenBrowser
Login
CreateCustomer]]>
  </system-out>
</testsuite> <!-- com.actitime.TestScript.CreateCustomer -->
